<?xml version="1.0" encoding="UTF-8"?>
<!-- Generated by org.testng.reporters.JUnitReportReporter -->
<testsuite hostname="VRKRISH-PC" name="firsttest.A" tests="1" failures="0" timestamp="20 Feb 2022 16:44:00 GMT" time="0.002" errors="0">
  <testcase name="test3" time="0.002" classname="firsttest.A"/>
</testsuite> <!-- firsttest.A -->
