<?xml version="1.0" encoding="UTF-8"?>
<!-- Generated by org.testng.reporters.JUnitReportReporter -->
<testsuite hostname="VRKRISH-PC" name="org.seconday.Sample" tests="4" failures="0" timestamp="23 Feb 2022 13:18:42 GMT" time="0.019" errors="0">
  <testcase name="test1" time="0.014" classname="org.seconday.Sample"/>
  <testcase name="test2" time="0.002" classname="org.seconday.Sample"/>
  <testcase name="test3" time="0.002" classname="org.seconday.Sample"/>
  <testcase name="test1" time="0.001" classname="org.seconday.Sample"/>
</testsuite> <!-- org.seconday.Sample -->
