<?xml version="1.0" encoding="UTF-8"?>
<!-- Generated by org.testng.reporters.JUnitReportReporter -->
<testsuite hostname="VRKRISH-PC" name="org.testng.TestingClass" tests="2" failures="0" timestamp="26 Feb 2022 16:42:00 GMT" time="10.241" errors="0">
  <testcase name="passWord" time="5.134" classname="org.testng.TestingClass"/>
  <testcase name="userId" time="5.107" classname="org.testng.TestingClass"/>
</testsuite> <!-- org.testng.TestingClass -->
