<?xml version="1.0" encoding="UTF-8"?>
<!-- Generated by org.testng.reporters.JUnitReportReporter -->
<testsuite hostname="VRKRISH-PC" name="sample.FirstClass" tests="2" failures="0" timestamp="21 Feb 2022 13:13:16 GMT" time="0.003" errors="0">
  <testcase name="test3" time="0.001" classname="sample.FirstClass"/>
  <testcase name="test1" time="0.002" classname="sample.FirstClass"/>
</testsuite> <!-- sample.FirstClass -->
