<?xml version="1.0" encoding="UTF-8"?>
<!-- Generated by org.testng.reporters.JUnitReportReporter -->
<testsuite hostname="VRKRISH-PC" name="sample.SecondClass" tests="2" failures="0" timestamp="21 Feb 2022 13:13:16 GMT" time="0.019" errors="0">
  <testcase name="test2" time="0.002" classname="sample.SecondClass"/>
  <testcase name="test1" time="0.017" classname="sample.SecondClass"/>
</testsuite> <!-- sample.SecondClass -->
